Using pre-set license
Built from '2021.3/release' branch; Version is '2021.3.12f1 (8af3c3e441b1) revision 9106371'; Using compiler version '192829333'; Build Type 'Release'
OS: 'Windows 10  (10.0.19045) 64bit Professional' Language: 'ru' Physical Memory: 3988 MB
BatchMode: 1, IsHumanControllingUs: 0, StartBugReporterOnCrash: 0, Is64bit: 1, IsPro: 1

COMMAND LINE ARGUMENTS:
F:\2021.3.12f1\Editor\Unity.exe
-adb2
-batchMode
-noUpm
-name
AssetImportWorker1
-projectPath
E:/Cube
-logFile
Logs/AssetImportWorker1.log
-srvPort
50095
Successfully changed project path to: E:/Cube
E:/Cube
[UnityMemory] Configuration Parameters - Can be set up in boot.config
    "memorysetup-bucket-allocator-granularity=16"
    "memorysetup-bucket-allocator-bucket-count=8"
    "memorysetup-bucket-allocator-block-size=33554432"
    "memorysetup-bucket-allocator-block-count=8"
    "memorysetup-main-allocator-block-size=16777216"
    "memorysetup-thread-allocator-block-size=16777216"
    "memorysetup-gfx-main-allocator-block-size=16777216"
    "memorysetup-gfx-thread-allocator-block-size=16777216"
    "memorysetup-cache-allocator-block-size=4194304"
    "memorysetup-typetree-allocator-block-size=2097152"
    "memorysetup-profiler-bucket-allocator-granularity=16"
    "memorysetup-profiler-bucket-allocator-bucket-count=8"
    "memorysetup-profiler-bucket-allocator-block-size=33554432"
    "memorysetup-profiler-bucket-allocator-block-count=8"
    "memorysetup-profiler-allocator-block-size=16777216"
    "memorysetup-profiler-editor-allocator-block-size=1048576"
    "memorysetup-temp-allocator-size-main=16777216"
    "memorysetup-job-temp-allocator-block-size=2097152"
    "memorysetup-job-temp-allocator-block-size-background=1048576"
    "memorysetup-job-temp-allocator-reduction-small-platforms=262144"
    "memorysetup-temp-allocator-size-background-worker=32768"
    "memorysetup-temp-allocator-size-job-worker=262144"
    "memorysetup-temp-allocator-size-preload-manager=33554432"
    "memorysetup-temp-allocator-size-nav-mesh-worker=65536"
    "memorysetup-temp-allocator-size-audio-worker=65536"
    "memorysetup-temp-allocator-size-cloud-worker=32768"
    "memorysetup-temp-allocator-size-gi-baking-worker=262144"
    "memorysetup-temp-allocator-size-gfx=262144"
Refreshing native plugins compatible for Editor in 196.55 ms, found 4 plugins.
Preloading 0 native plugins for Editor in 0.00 ms.
Initialize engine version: 2021.3.12f1 (8af3c3e441b1)
[Subsystems] Discovering subsystems at path F:/2021.3.12f1/Editor/Data/Resources/UnitySubsystems
[Subsystems] Discovering subsystems at path E:/Cube/Assets
GfxDevice: creating device client; threaded=0; jobified=0
Direct3D:
    Version:  Direct3D 11.0 [level 11.0]
    Renderer: Intel(R) HD Graphics 4000 (ID=0x166)
    Vendor:   Intel
    VRAM:     128 MB
    Driver:   10.18.10.3304
Initialize mono
Mono path[0] = 'F:/2021.3.12f1/Editor/Data/Managed'
Mono path[1] = 'F:/2021.3.12f1/Editor/Data/MonoBleedingEdge/lib/mono/unityjit-win32'
Mono config path = 'F:/2021.3.12f1/Editor/Data/MonoBleedingEdge/etc'
Using monoOptions --debugger-agent=transport=dt_socket,embedding=1,server=y,suspend=n,address=127.0.0.1:56480
Begin MonoManager ReloadAssembly
Registering precompiled unity dll's ...
Register platform support module: F:/2021.3.12f1/Editor/Data/PlaybackEngines/AndroidPlayer/UnityEditor.Android.Extensions.dll
Register platform support module: F:/2021.3.12f1/Editor/Data/PlaybackEngines/iOSSupport/UnityEditor.iOS.Extensions.dll
Register platform support module: F:/2021.3.12f1/Editor/Data/PlaybackEngines/WindowsStandaloneSupport/UnityEditor.WindowsStandalone.Extensions.dll
Registered in 0.010452 seconds.
Native extension for WindowsStandalone target not found
[usbmuxd] Start listen thread
[usbmuxd] Listen thread started
Native extension for iOS target not found
Native extension for Android target not found
Refreshing native plugins compatible for Editor in 76.64 ms, found 4 plugins.
Preloading 0 native plugins for Editor in 0.00 ms.
Mono: successfully reloaded assembly
- Completed reload, in  1.910 seconds
Domain Reload Profiling:
	ReloadAssembly (1911ms)
		BeginReloadAssembly (361ms)
			ExecutionOrderSort (0ms)
			DisableScriptedObjects (0ms)
			BackupInstance (0ms)
			ReleaseScriptingObjects (0ms)
			CreateAndSetChildDomain (3ms)
		EndReloadAssembly (1162ms)
			LoadAssemblies (358ms)
			RebuildTransferFunctionScriptingTraits (0ms)
			SetupTypeCache (301ms)
			ReleaseScriptCaches (0ms)
			RebuildScriptCaches (66ms)
			SetupLoadedEditorAssemblies (667ms)
				LogAssemblyErrors (0ms)
				InitializePlatformSupportModulesInManaged (170ms)
				SetLoadedEditorAssemblies (5ms)
				RefreshPlugins (77ms)
				BeforeProcessingInitializeOnLoad (3ms)
				ProcessInitializeOnLoadAttributes (308ms)
				ProcessInitializeOnLoadMethodAttributes (105ms)
				AfterProcessingInitializeOnLoad (0ms)
				EditorAssembliesLoaded (0ms)
			ExecutionOrderSort2 (0ms)
			AwakeInstancesAfterBackupRestoration (0ms)
Platform modules already initialized, skipping
Registering precompiled user dll's ...
Registered in 0.011150 seconds.
Begin MonoManager ReloadAssembly
Native extension for WindowsStandalone target not found
Native extension for iOS target not found
Native extension for Android target not found
Refreshing native plugins compatible for Editor in 1.02 ms, found 4 plugins.
Preloading 0 native plugins for Editor in 0.00 ms.
Mono: successfully reloaded assembly
- Completed reload, in  7.124 seconds
Domain Reload Profiling:
	ReloadAssembly (7128ms)
		BeginReloadAssembly (344ms)
			ExecutionOrderSort (0ms)
			DisableScriptedObjects (12ms)
			BackupInstance (0ms)
			ReleaseScriptingObjects (0ms)
			CreateAndSetChildDomain (164ms)
		EndReloadAssembly (6501ms)
			LoadAssemblies (1027ms)
			RebuildTransferFunctionScriptingTraits (0ms)
			SetupTypeCache (1072ms)
			ReleaseScriptCaches (1ms)
			RebuildScriptCaches (250ms)
			SetupLoadedEditorAssemblies (3323ms)
				LogAssemblyErrors (0ms)
				InitializePlatformSupportModulesInManaged (1280ms)
				SetLoadedEditorAssemblies (2ms)
				RefreshPlugins (1ms)
				BeforeProcessingInitializeOnLoad (242ms)
				ProcessInitializeOnLoadAttributes (1573ms)
				ProcessInitializeOnLoadMethodAttributes (209ms)
				AfterProcessingInitializeOnLoad (15ms)
				EditorAssembliesLoaded (0ms)
			ExecutionOrderSort2 (0ms)
			AwakeInstancesAfterBackupRestoration (34ms)
Platform modules already initialized, skipping
========================================================================
Worker process is ready to serve import requests
Launched and connected shader compiler UnityShaderCompiler.exe after 0.41 seconds
Refreshing native plugins compatible for Editor in 2.06 ms, found 4 plugins.
Preloading 0 native plugins for Editor in 0.00 ms.
Unloading 1370 Unused Serialized files (Serialized files now loaded: 0)
Unloading 27 unused Assets / (59.0 KB). Loaded Objects now: 1887.
Memory consumption went from 63.0 MB to 63.0 MB.
Total: 12.091500 ms (FindLiveObjects: 0.526700 ms CreateObjectMapping: 0.329200 ms MarkObjects: 11.037600 ms  DeleteObjects: 0.195300 ms)

AssetImportParameters requested are different than current active one (requested -> active):
  custom:video-decoder-ogg-theora: a1e56fd34408186e4bbccfd4996cb3dc -> 
  custom:container-muxer-webm: aa71ff27fc2769a1b78a27578f13a17b -> 
  custom:container-demuxer-webm: 4f35f7cbe854078d1ac9338744f61a02 -> 
  custom:video-encoder-webm-vp8: eb34c28f22e8b96e1ab97ce403110664 -> 
  custom:audio-encoder-webm-vorbis: bf7c407c2cedff20999df2af8eb42d56 -> 
  custom:framework-win-MediaFoundation: 216162199b28c13a410421893ffa2e32 -> 
  custom:container-demuxer-ogg: 62fdf1f143b41e24485cea50d1cbac27 -> 
  custom:video-decoder-webm-vp8: 9c59270c3fd7afecdb556c50c9e8de78 -> 
  custom:audio-decoder-ogg-vorbis: bf7c407c2cedff20999df2af8eb42d56 -> 
========================================================================
Received Import Request.
  Time since last request: 26624.668746 seconds.
  path: Assets/aa/Scenes/levels/level03.unity
  artifactKey: Guid(5baf980d82ea0634ca45fa66d73caca6) Importer(815301076,1909f56bfc062723c751e8b465ee728b)
Start importing Assets/aa/Scenes/levels/level03.unity using Guid(5baf980d82ea0634ca45fa66d73caca6) Importer(815301076,1909f56bfc062723c751e8b465ee728b)  -> (artifact id: '0f346b6502bbcca3dca4ad7f00a84e0f') in 0.084845 seconds 
========================================================================
Received Import Request.
  Time since last request: 0.000059 seconds.
  path: Assets/aa/Scenes/levels/level04.unity
  artifactKey: Guid(2e462c8799bd9834d9831157e9339d09) Importer(815301076,1909f56bfc062723c751e8b465ee728b)
Start importing Assets/aa/Scenes/levels/level04.unity using Guid(2e462c8799bd9834d9831157e9339d09) Importer(815301076,1909f56bfc062723c751e8b465ee728b)  -> (artifact id: 'cc36985102dd44f235a05bcbd9937658') in 0.047848 seconds 
========================================================================
Received Import Request.
  Time since last request: 3735.971687 seconds.
  path: Assets/CubeObstacle (2).prefab
  artifactKey: Guid(a2f1dddb3ce6f8a44a0618a218cb4eb2) Importer(815301076,1909f56bfc062723c751e8b465ee728b)
Start importing Assets/CubeObstacle (2).prefab using Guid(a2f1dddb3ce6f8a44a0618a218cb4eb2) Importer(815301076,1909f56bfc062723c751e8b465ee728b)  -> (artifact id: '20c0b82bb756cdda8650e29b63ffb9af') in 4.772006 seconds 
========================================================================
Received Import Request.
  Time since last request: 4.870233 seconds.
  path: Assets/CubeObject (5).prefab
  artifactKey: Guid(5d532ae5b3210bf43b9b364e2437dc19) Importer(815301076,1909f56bfc062723c751e8b465ee728b)
Start importing Assets/CubeObject (5).prefab using Guid(5d532ae5b3210bf43b9b364e2437dc19) Importer(815301076,1909f56bfc062723c751e8b465ee728b)  -> (artifact id: '3a346d0a66634fab0a52c8e956e1a42e') in 0.262391 seconds 
========================================================================
Received Import Request.
  Time since last request: 12.109844 seconds.
  path: Assets/CubeObstacle.prefab
  artifactKey: Guid(b0c1308838fc00c49bca22ac1146a930) Importer(815301076,1909f56bfc062723c751e8b465ee728b)
Start importing Assets/CubeObstacle.prefab using Guid(b0c1308838fc00c49bca22ac1146a930) Importer(815301076,1909f56bfc062723c751e8b465ee728b)  -> (artifact id: 'c27fd911b7584acff8f637cd88234563') in 0.150063 seconds 
========================================================================
Received Import Request.
  Time since last request: 78.791523 seconds.
  path: Assets/CubeObject (12).prefab
  artifactKey: Guid(6e74deec0d62f984dbf198706b21c3fe) Importer(815301076,1909f56bfc062723c751e8b465ee728b)
Start importing Assets/CubeObject (12).prefab using Guid(6e74deec0d62f984dbf198706b21c3fe) Importer(815301076,1909f56bfc062723c751e8b465ee728b)  -> (artifact id: '71383671ad5f3c64b07fe3b6d6baacff') in 0.190174 seconds 
========================================================================
Received Import Request.
  Time since last request: 9.494217 seconds.
  path: Assets/SphereObstacle.prefab
  artifactKey: Guid(c2b815b906035da44b048e19f379e537) Importer(815301076,1909f56bfc062723c751e8b465ee728b)
Start importing Assets/SphereObstacle.prefab using Guid(c2b815b906035da44b048e19f379e537) Importer(815301076,1909f56bfc062723c751e8b465ee728b)  -> (artifact id: '368b0c8f7fec7761b4aa7fdffb1da169') in 0.185075 seconds 
========================================================================
Received Import Request.
  Time since last request: 8.780089 seconds.
  path: Assets/SphereObstacle (4).prefab
  artifactKey: Guid(7c6cbaac99d64b049aa5ced34924e519) Importer(815301076,1909f56bfc062723c751e8b465ee728b)
Start importing Assets/SphereObstacle (4).prefab using Guid(7c6cbaac99d64b049aa5ced34924e519) Importer(815301076,1909f56bfc062723c751e8b465ee728b)  -> (artifact id: 'd83d421c0fd743ddae4a3405651ad025') in 0.174478 seconds 
========================================================================
Received Import Request.
  Time since last request: 19.872993 seconds.
  path: Assets/aa/Scenes/levels/level04.unity
  artifactKey: Guid(2e462c8799bd9834d9831157e9339d09) Importer(815301076,1909f56bfc062723c751e8b465ee728b)
Start importing Assets/aa/Scenes/levels/level04.unity using Guid(2e462c8799bd9834d9831157e9339d09) Importer(815301076,1909f56bfc062723c751e8b465ee728b)  -> (artifact id: '21bb447303eac0615dd78336a347858e') in 1.045561 seconds 
========================================================================
Received Import Request.
  Time since last request: 5.361510 seconds.
  path: Assets/CubeObstacle (2).prefab
  artifactKey: Guid(a2f1dddb3ce6f8a44a0618a218cb4eb2) Importer(815301076,1909f56bfc062723c751e8b465ee728b)
Start importing Assets/CubeObstacle (2).prefab using Guid(a2f1dddb3ce6f8a44a0618a218cb4eb2) Importer(815301076,1909f56bfc062723c751e8b465ee728b)  -> (artifact id: 'ed01918c216a191a379a88124d559356') in 0.105262 seconds 
========================================================================
Received Import Request.
  Time since last request: 0.000051 seconds.
  path: Assets/SphereObstacle (4).prefab
  artifactKey: Guid(7c6cbaac99d64b049aa5ced34924e519) Importer(815301076,1909f56bfc062723c751e8b465ee728b)
Start importing Assets/SphereObstacle (4).prefab using Guid(7c6cbaac99d64b049aa5ced34924e519) Importer(815301076,1909f56bfc062723c751e8b465ee728b)  -> (artifact id: '54f945d6d06b30155fb0d3e0dac6d097') in 0.156816 seconds 
========================================================================
Received Import Request.
  Time since last request: 0.000258 seconds.
  path: Assets/SphereObstacle.prefab
  artifactKey: Guid(c2b815b906035da44b048e19f379e537) Importer(815301076,1909f56bfc062723c751e8b465ee728b)
Start importing Assets/SphereObstacle.prefab using Guid(c2b815b906035da44b048e19f379e537) Importer(815301076,1909f56bfc062723c751e8b465ee728b)  -> (artifact id: '5ca83838adb9a24c2e84e0425c1e7d17') in 0.138315 seconds 
========================================================================
Received Import Request.
  Time since last request: 0.010347 seconds.
  path: Assets/CubeObstacle.prefab
  artifactKey: Guid(b0c1308838fc00c49bca22ac1146a930) Importer(815301076,1909f56bfc062723c751e8b465ee728b)
Start importing Assets/CubeObstacle.prefab using Guid(b0c1308838fc00c49bca22ac1146a930) Importer(815301076,1909f56bfc062723c751e8b465ee728b)  -> (artifact id: 'fd06394bbdc9a6f974cd73a9cf2df3d9') in 0.091686 seconds 
========================================================================
Received Import Request.
  Time since last request: 165.017789 seconds.
  path: Assets/aa/Scenes/levels/level03.unity
  artifactKey: Guid(5baf980d82ea0634ca45fa66d73caca6) Importer(815301076,1909f56bfc062723c751e8b465ee728b)
Start importing Assets/aa/Scenes/levels/level03.unity using Guid(5baf980d82ea0634ca45fa66d73caca6) Importer(815301076,1909f56bfc062723c751e8b465ee728b)  -> (artifact id: '6d86f342712a0f727be23835edff1bb2') in 0.023599 seconds 
========================================================================
Received Import Request.
  Time since last request: 14.610326 seconds.
  path: Assets/SphereObject (2).prefab
  artifactKey: Guid(5c0663ca34ee1b542986c14e7cf2a889) Importer(815301076,1909f56bfc062723c751e8b465ee728b)
Start importing Assets/SphereObject (2).prefab using Guid(5c0663ca34ee1b542986c14e7cf2a889) Importer(815301076,1909f56bfc062723c751e8b465ee728b)  -> (artifact id: 'b19aecc13759c0ace52675acab8bfbd8') in 0.124105 seconds 
========================================================================
Received Import Request.
  Time since last request: 7.967191 seconds.
  path: Assets/SphereObject (4).prefab
  artifactKey: Guid(2b4d1f3f109b75640b9343a960759ecb) Importer(815301076,1909f56bfc062723c751e8b465ee728b)
Start importing Assets/SphereObject (4).prefab using Guid(2b4d1f3f109b75640b9343a960759ecb) Importer(815301076,1909f56bfc062723c751e8b465ee728b)  -> (artifact id: '983b9344e22647cc3d6ba3ca4b137f7d') in 0.074656 seconds 
========================================================================
Received Import Request.
  Time since last request: 7.080002 seconds.
  path: Assets/aa/Scenes/levels/level04.unity
  artifactKey: Guid(2e462c8799bd9834d9831157e9339d09) Importer(815301076,1909f56bfc062723c751e8b465ee728b)
Start importing Assets/aa/Scenes/levels/level04.unity using Guid(2e462c8799bd9834d9831157e9339d09) Importer(815301076,1909f56bfc062723c751e8b465ee728b)  -> (artifact id: '8c3f819899431fc64000278eca06321c') in 0.009008 seconds 
========================================================================
Received Import Request.
  Time since last request: 72.042727 seconds.
  path: Assets/aa/Materials/WinFx.mat
  artifactKey: Guid(f5e59fd2bd3bcac4a874459123345f68) Importer(815301076,1909f56bfc062723c751e8b465ee728b)
Start importing Assets/aa/Materials/WinFx.mat using Guid(f5e59fd2bd3bcac4a874459123345f68) Importer(815301076,1909f56bfc062723c751e8b465ee728b)  -> (artifact id: '7cf79d5463d15b24673fae5bd40c9fe2') in 1.736369 seconds 
========================================================================
Received Import Request.
  Time since last request: 6.377908 seconds.
  path: Assets
  artifactKey: Guid(00000000000000001000000000000000) Importer(815301076,1909f56bfc062723c751e8b465ee728b)
Start importing Assets using Guid(00000000000000001000000000000000) Importer(815301076,1909f56bfc062723c751e8b465ee728b)  -> (artifact id: '79842766b460edbeab6a34051e857a80') in 0.059538 seconds 
========================================================================
Received Prepare
Registering precompiled user dll's ...
Registered in 0.021841 seconds.
Begin MonoManager ReloadAssembly
Native extension for WindowsStandalone target not found
Native extension for iOS target not found
Native extension for Android target not found
Refreshing native plugins compatible for Editor in 2.42 ms, found 4 plugins.
Preloading 0 native plugins for Editor in 0.00 ms.
Mono: successfully reloaded assembly
- Completed reload, in 13.528 seconds
Domain Reload Profiling:
	ReloadAssembly (13559ms)
		BeginReloadAssembly (5535ms)
			ExecutionOrderSort (12ms)
			DisableScriptedObjects (164ms)
			BackupInstance (0ms)
			ReleaseScriptingObjects (1ms)
			CreateAndSetChildDomain (1142ms)
		EndReloadAssembly (6313ms)
			LoadAssemblies (3972ms)
			RebuildTransferFunctionScriptingTraits (0ms)
			SetupTypeCache (2303ms)
			ReleaseScriptCaches (5ms)
			RebuildScriptCaches (346ms)
			SetupLoadedEditorAssemblies (2690ms)
				LogAssemblyErrors (0ms)
				InitializePlatformSupportModulesInManaged (278ms)
				SetLoadedEditorAssemblies (3ms)
				RefreshPlugins (3ms)
				BeforeProcessingInitializeOnLoad (333ms)
				ProcessInitializeOnLoadAttributes (1840ms)
				ProcessInitializeOnLoadMethodAttributes (211ms)
				AfterProcessingInitializeOnLoad (20ms)
				EditorAssembliesLoaded (1ms)
			ExecutionOrderSort2 (0ms)
			AwakeInstancesAfterBackupRestoration (48ms)
Platform modules already initialized, skipping
Refreshing native plugins compatible for Editor in 16.58 ms, found 4 plugins.
Preloading 0 native plugins for Editor in 0.00 ms.
Unloading 1355 Unused Serialized files (Serialized files now loaded: 0)
Unloading 20 unused Assets / (26.7 KB). Loaded Objects now: 1931.
Memory consumption went from 66.2 MB to 66.2 MB.
Total: 182.088400 ms (FindLiveObjects: 1.448000 ms CreateObjectMapping: 0.780900 ms MarkObjects: 179.745600 ms  DeleteObjects: 0.109500 ms)

AssetImportParameters requested are different than current active one (requested -> active):
  custom:video-decoder-ogg-theora: a1e56fd34408186e4bbccfd4996cb3dc -> 
  custom:container-muxer-webm: aa71ff27fc2769a1b78a27578f13a17b -> 
  custom:container-demuxer-webm: 4f35f7cbe854078d1ac9338744f61a02 -> 
  custom:video-encoder-webm-vp8: eb34c28f22e8b96e1ab97ce403110664 -> 
  custom:audio-encoder-webm-vorbis: bf7c407c2cedff20999df2af8eb42d56 -> 
  custom:framework-win-MediaFoundation: 216162199b28c13a410421893ffa2e32 -> 
  custom:container-demuxer-ogg: 62fdf1f143b41e24485cea50d1cbac27 -> 
  custom:video-decoder-webm-vp8: 9c59270c3fd7afecdb556c50c9e8de78 -> 
  custom:audio-decoder-ogg-vorbis: bf7c407c2cedff20999df2af8eb42d56 -> 
